    1  git config--global user.email k.hocine@htcompass.fr 
    2  git config--global user.name " kenza hocine"
    3  git config --global user.email k.hocine@htcompass.fr
    4  git config --global user.name "kenza hocine"
    5  ls
    6  mkdir
    7  git mkdir
    8  mkdir
    9  mkdir apolo-14
   10  ls
   11  cd apolo-14/
   12  git init
   13  ls
   14  ls -l
   15  ls -a
   16  cd..
   17  cd ..
   18  ls
   19  git status
   20  cd
   21  pwd
   22  cd 
   23  cd C:\dev\git\apolo-14
   24  c:
   25  c:/
   26  cd /c/dev/git/apolo-14/
   27  clear git status
   28  git add script-insert-data.sql.txt
   29  git commit -m ""add insert script for books
   30  clear
   31  git status
   32  clear
   33  git status
   34  git commit -m "add insert for books"
   35  git log
   36  git remote add origin https://github.com/htc-khocine-06129/apolo14.git
   37  git remote add origin https://github.com/htc-khocine-06129/apolo14.gitgit remote add origin https://github.com/htc-khocine-06129/apolo14.git
   38  git remote add origin https://github.com/htc-khocine-06129/apolo14.git
   39  git push -u origin master
   40  git remote add origin https://github.com/htc-khocine-06129/apolo14.git
   41  git push -u origin master
   42  k.hocine@MLMDES0046 MINGW64 /c/dev/git/apolo-14 (master)
   43  $
   44  k.hocine@MLMDES0046 MINGW64 /c/dev/git/apolo-14 (master)
   45  $
   46  clear
   47  git remote add origin https://github.com/htc-khocine-06129/apolo14.git
   48  git push -u origin master
   49  git status
   50  ls
   51  ls
   52  git remote add origin https://github.com/htc-khocine-06129/apolo14.git
   53  git push -u origin master
   54  git push -u origin master
   55  git remote add origin https://github.com/htc-khocine-06129/apolo14.git
   56  git push -u origin master
   57  history
   58  git status
   59  ls
   60  history > cmd.log
